Arguments: 
  C:\Program Files\nodejs\node.exe C:\Users\Himon\AppData\Roaming\npm\node_modules\yarn\bin\yarn.js install

PATH: 
  C:\Users\Himon\bin;C:\Program Files\Git\mingw64\bin;C:\Program Files\Git\usr\local\bin;C:\Program Files\Git\usr\bin;C:\Program Files\Git\usr\bin;C:\Program Files\Git\mingw64\bin;C:\Program Files\Git\usr\bin;C:\Users\Himon\bin;C:\Program Files (x86)\Lenovo\FusionEngine;C:\Program Files (x86)\Intel\iCLS Client;C:\Program Files\Intel\iCLS Client;C:\windows\system32;C:\windows;C:\windows\System32\Wbem;C:\windows\System32\WindowsPowerShell\v1.0;C:\Program Files\Intel\Intel(R) Management Engine Components\DAL;C:\Program Files\Intel\Intel(R) Management Engine Components\IPT;C:\Program Files (x86)\Intel\Intel(R) Management Engine Components\DAL;C:\Program Files (x86)\Intel\Intel(R) Management Engine Components\IPT;C:\Program Files\Intel\WiFi\bin;C:\Program Files\Common Files\Intel\WirelessCommon;C:\Program Files (x86)\Common Files\lenovo\easyplussdk\bin;C:\Program Files (x86)\Skype\Phone;C:\Program Files (x86)\NVIDIA Corporation\PhysX\Common;C:\HashiCorp\Vagrant\bin;C:\WINDOWS\system32;C:\WINDOWS;C:\WINDOWS\System32\Wbem;C:\WINDOWS\System32\WindowsPowerShell\v1.0;C:\Users\Himon\Downloads\php-7.1.11-Win32-VC14-x86;C:\ProgramData\ComposerSetup\bin;C:\Program Files\nodejs;C:\Program Files\Microsoft VS Code\bin;C:\Users\Himon\AppData\Local\Microsoft\WindowsApps;C:\Users\Himon\AppData\Roaming\Composer\vendor\bin;C:\Users\Himon\AppData\Roaming\npm;C:\Program Files\Git\usr\bin\vendor_perl;C:\Program Files\Git\usr\bin\core_perl

Yarn version: 
  1.3.2

Node version: 
  9.3.0

Platform: 
  win32 x64

npm manifest: 
  {
    "name": "api-mashup",
    "version": "1.0.0",
    "main": "./src/app.js",
    "license": "Nope",
    "scripts": {
      "start": "webpack-dev-server --open",
      "test": "echo \"Error: no test specified\" && exit 1"
    },
    "dependencies": {
      "babel-core": "^6.26.0",
      "babel-eslint": "^8.2.1",
      "babel-loader": "^7.1.2",
      "babel-preset-env": "^1.6.1",
      "clean-webpack-plugin": "^0.1.17",
      "css-loader": "^0.28.9",
      "dotenv-webpack": "^1.5.4",
      "eslint-config-prettier": "^2.9.0",
      "eslint-plugin-flowtype": "^2.42.0",
      "eslint-plugin-import": "^2.8.0",
      "html-webpack-plugin": "^2.30.1",
      "node-sass": "^4.7.2",
      "prettier": "^1.10.2",
      "sass-loader": "^6.0.6",
      "style-loader": "^0.19.1",
      "webpack": "^3.10.0",
      "webpack-dev-server": "^2.11.0"
    }
  }

yarn manifest: 
  No manifest

Lockfile: 
  No lockfile

Trace: 
  Error: EPERM: operation not permitted, unlink 'C:\Users\Himon\Develop\08-api-mashup-HimonRana\node_modules\node-sass\vendor\win32-x64-59\binding.node'
